<?xml version="1.0" encoding="UTF-8"?>
<testsuite xmlns:xsi="http://www.w3.org/2001/XMLSchema-instance" xsi:noNamespaceSchemaLocation="https://maven.apache.org/surefire/maven-surefire-plugin/xsd/surefire-test-report.xsd" name="com.test.demo.rental.service.CheckoutServiceIntegrationTest" time="0.203" tests="6" errors="0" skipped="0" failures="0">
  <properties>
[...]
</properties>
  <testcase name="testValidCheckoutLadder" classname="com.test.demo.rental.service.CheckoutServiceIntegrationTest" time="0.156"/>
  <testcase name="testInvalidDiscount" classname="com.test.demo.rental.service.CheckoutServiceIntegrationTest" time="0"/>
  <testcase name="testValidCheckoutJackhammerWithDiscount" classname="com.test.demo.rental.service.CheckoutServiceIntegrationTest" time="0"/>
  <testcase name="testValidCheckoutJackhammerNoDiscount" classname="com.test.demo.rental.service.CheckoutServiceIntegrationTest" time="0.015"/>
  <testcase name="testValidCheckoutJackhammerLongRental" classname="com.test.demo.rental.service.CheckoutServiceIntegrationTest" time="0"/>
  <testcase name="testValidCheckoutChainsaw" classname="com.test.demo.rental.service.CheckoutServiceIntegrationTest" time="0.016"/>
</testsuite>